SF:lib\model\vorraete.dart
DA:5,0
DA:23,2
DA:27,0
DA:34,0
DA:35,0
DA:36,0
DA:37,0
DA:38,0
DA:39,0
DA:43,2
DA:44,1
DA:45,1
DA:46,3
DA:47,1
DA:48,2
DA:52,2
DA:53,1
DA:54,1
DA:55,2
DA:56,1
DA:57,1
LF:21
LH:13
end_of_record
SF:lib\model\einkaufsliste.dart
DA:5,0
DA:19,2
DA:22,0
DA:27,0
DA:28,0
DA:29,0
DA:30,0
DA:34,2
DA:35,1
DA:36,1
DA:37,1
DA:41,2
DA:42,1
DA:43,1
DA:44,1
LF:15
LH:9
end_of_record
SF:lib\pages\mdh_hinzufuegen_page.dart
DA:9,1
DA:11,1
DA:12,1
DA:20,0
DA:22,0
DA:30,0
DA:34,1
DA:36,1
DA:37,1
DA:40,1
DA:41,1
DA:44,1
DA:45,5
DA:46,1
DA:48,1
DA:51,1
DA:52,0
DA:53,0
DA:60,1
DA:61,1
DA:63,0
DA:64,0
DA:65,0
DA:66,0
DA:67,0
DA:68,0
DA:70,0
DA:71,0
DA:72,0
DA:74,0
DA:77,0
LF:31
LH:15
end_of_record
SF:lib\pages\bearbeiten_einkaufsliste_page.dart
DA:9,2
DA:11,1
DA:12,1
DA:21,1
DA:23,1
DA:24,4
DA:25,4
DA:30,0
DA:32,0
DA:38,0
DA:39,0
DA:41,0
DA:45,1
DA:47,1
DA:48,1
DA:51,1
DA:53,1
DA:54,1
DA:55,1
DA:56,1
DA:63,1
DA:64,1
DA:70,1
DA:71,0
DA:72,0
DA:73,0
LF:26
LH:18
end_of_record
SF:lib\pages\bearbeiten_vorratsliste_page.dart
DA:10,2
DA:12,1
DA:13,1
DA:24,1
DA:26,1
DA:27,4
DA:28,4
DA:29,3
DA:30,4
DA:31,3
DA:36,0
DA:38,0
DA:46,0
DA:47,0
DA:49,0
DA:53,1
DA:55,1
DA:56,1
DA:59,1
DA:61,1
DA:62,1
DA:63,1
DA:65,1
DA:71,1
DA:72,1
DA:77,1
DA:79,1
DA:81,1
DA:82,0
DA:83,0
DA:87,1
DA:88,0
DA:89,0
DA:90,0
DA:91,0
DA:92,0
DA:93,0
DA:94,0
DA:96,0
LF:39
LH:24
end_of_record
SF:lib\pages\einkaufsliste_page.dart
DA:9,1
DA:11,1
DA:12,1
DA:17,2
DA:22,1
DA:24,1
DA:26,1
DA:30,1
DA:31,3
DA:33,2
DA:35,0
DA:40,0
DA:41,0
DA:45,0
DA:47,0
DA:53,0
DA:56,1
DA:58,1
DA:59,1
DA:61,1
DA:62,1
DA:65,0
DA:66,0
DA:71,1
DA:72,2
DA:73,0
DA:74,0
DA:75,0
DA:76,0
DA:77,0
DA:79,0
DA:80,0
DA:81,0
DA:82,0
DA:85,0
DA:86,0
DA:87,0
DA:90,0
DA:91,0
DA:92,0
DA:93,0
DA:94,0
DA:101,0
DA:102,0
DA:103,0
DA:104,0
DA:113,1
DA:114,1
DA:116,1
DA:117,1
DA:119,2
DA:120,1
DA:121,0
DA:125,1
DA:128,1
DA:129,1
DA:130,0
DA:132,1
DA:134,2
LF:59
LH:28
end_of_record
SF:lib\pages\vorratslistepage.dart
DA:9,1
DA:11,1
DA:12,1
DA:17,2
DA:18,2
DA:24,1
DA:26,1
DA:28,1
DA:31,1
DA:32,3
DA:34,2
DA:35,0
DA:37,0
DA:40,0
DA:41,0
DA:44,1
DA:46,1
DA:47,1
DA:49,1
DA:50,1
DA:53,0
DA:54,0
DA:60,2
DA:61,2
DA:62,0
DA:63,0
DA:64,0
DA:66,0
DA:67,0
DA:68,0
DA:71,0
DA:72,0
DA:75,1
DA:76,1
DA:79,2
DA:80,0
DA:81,0
DA:82,0
DA:83,0
DA:84,0
DA:86,0
DA:87,0
DA:88,0
DA:91,0
DA:92,0
DA:93,0
DA:94,0
DA:97,0
DA:98,0
DA:99,0
DA:100,0
DA:110,1
DA:111,1
DA:113,1
DA:114,1
DA:116,2
DA:117,1
DA:118,0
DA:122,1
DA:125,1
DA:126,1
DA:127,0
DA:129,1
DA:131,2
LF:64
LH:32
end_of_record
SF:lib\database\database_einkaufsliste.dart
DA:8,3
DA:11,1
DA:15,1
DA:18,1
DA:24,1
DA:25,1
DA:26,1
DA:28,2
DA:32,0
DA:38,0
DA:47,0
DA:48,0
DA:50,0
DA:51,0
DA:55,1
DA:56,2
DA:57,0
DA:59,0
DA:63,0
DA:64,0
DA:66,0
DA:68,0
DA:70,0
DA:75,0
DA:76,0
DA:78,0
DA:81,0
LF:27
LH:10
end_of_record
SF:lib\database\database_vorratsliste.dart
DA:8,3
DA:12,1
DA:16,1
DA:19,1
DA:25,1
DA:26,1
DA:27,1
DA:29,2
DA:33,0
DA:40,0
DA:51,0
DA:52,0
DA:54,0
DA:55,0
DA:59,1
DA:60,2
DA:61,0
DA:66,0
DA:71,0
DA:72,0
DA:74,0
DA:76,0
DA:78,0
DA:84,0
DA:85,0
DA:87,0
DA:90,0
LF:27
LH:10
end_of_record
